INFO:werkzeug:[31m[1mWARNING: This is a development server. Do not use it in a production deployment. Use a production WSGI server instead.[0m
 * Running on all addresses (0.0.0.0)
 * Running on http://127.0.0.1:8000
 * Running on http://172.18.0.24:8000
INFO:werkzeug:[33mPress CTRL+C to quit[0m
INFO:werkzeug: * Restarting with stat
WARNING:werkzeug: * Debugger is active!
INFO:werkzeug: * Debugger PIN: 120-865-027
INFO:werkzeug:172.18.0.2 - - [21/Mar/2023 15:04:48] "GET / HTTP/1.1" 200 -
INFO:root:Html...
INFO:root:titles...
INFO:root:thumbnails...
INFO:root:links...
INFO:root:view counts...
INFO:root:videos age...
INFO:root:titles...
INFO:root:thumbnails...
INFO:root:links...
INFO:root:viewcounts...
INFO:root:age...
INFO:werkzeug:172.18.0.2 - - [21/Mar/2023 15:05:08] "POST /details HTTP/1.1" 200 -
INFO:werkzeug:172.18.0.2 - - [21/Mar/2023 15:05:09] "[36mGET /static/css/style2.css HTTP/1.1[0m" 304 -
INFO:werkzeug: * Detected change in '/config/workspace/Youtube_scrapper/app.py', reloading
INFO:werkzeug: * Restarting with stat
INFO:werkzeug:[31m[1mWARNING: This is a development server. Do not use it in a production deployment. Use a production WSGI server instead.[0m
 * Running on all addresses (0.0.0.0)
 * Running on http://127.0.0.1:8000
 * Running on http://172.18.0.24:8000
INFO:werkzeug:[33mPress CTRL+C to quit[0m
INFO:werkzeug: * Restarting with stat
WARNING:werkzeug: * Debugger is active!
INFO:werkzeug: * Debugger PIN: 120-865-027
INFO:werkzeug:172.18.0.2 - - [21/Mar/2023 16:35:44] "GET / HTTP/1.1" 200 -
INFO:werkzeug: * Detected change in '/config/workspace/Youtube_scrapper/app.py', reloading
INFO:werkzeug: * Restarting with stat
WARNING:werkzeug: * Debugger is active!
INFO:werkzeug: * Debugger PIN: 120-865-027
INFO:werkzeug: * Detected change in '/config/workspace/Youtube_scrapper/app.py', reloading
INFO:werkzeug: * Restarting with stat
WARNING:werkzeug: * Debugger is active!
INFO:werkzeug: * Debugger PIN: 120-865-027
INFO:werkzeug:172.18.0.2 - - [21/Mar/2023 16:36:12] "GET / HTTP/1.1" 200 -
INFO:root:Html...
INFO:root:titles...
INFO:root:thumbnails...
INFO:root:links...
INFO:root:view counts...
INFO:root:videos age...
INFO:root:titles...
INFO:root:thumbnails...
INFO:root:links...
INFO:root:viewcounts...
INFO:root:age...
INFO:werkzeug:172.18.0.2 - - [21/Mar/2023 16:36:23] "POST /details HTTP/1.1" 200 -
INFO:werkzeug:172.18.0.2 - - [21/Mar/2023 16:36:24] "[36mGET /static/css/style2.css HTTP/1.1[0m" 304 -
INFO:werkzeug:[31m[1mWARNING: This is a development server. Do not use it in a production deployment. Use a production WSGI server instead.[0m
 * Running on all addresses (0.0.0.0)
 * Running on http://127.0.0.1:8000
 * Running on http://172.18.0.15:8000
INFO:werkzeug:[33mPress CTRL+C to quit[0m
INFO:werkzeug: * Restarting with stat
WARNING:werkzeug: * Debugger is active!
INFO:werkzeug: * Debugger PIN: 105-988-741
INFO:root:Html...
INFO:root:titles...
INFO:root:thumbnails...
INFO:root:links...
INFO:root:view counts...
INFO:root:videos age...
INFO:root:titles...
INFO:root:thumbnails...
INFO:root:links...
INFO:root:viewcounts...
INFO:root:age...
INFO:werkzeug:172.18.0.2 - - [21/Mar/2023 18:00:33] "POST /details HTTP/1.1" 200 -
INFO:werkzeug:172.18.0.2 - - [21/Mar/2023 18:00:33] "GET /static/css/style2.css HTTP/1.1" 200 -
INFO:werkzeug:[31m[1mWARNING: This is a development server. Do not use it in a production deployment. Use a production WSGI server instead.[0m
 * Running on all addresses (0.0.0.0)
 * Running on http://127.0.0.1:8000
 * Running on http://172.18.0.15:8000
INFO:werkzeug:[33mPress CTRL+C to quit[0m
INFO:werkzeug: * Restarting with stat
WARNING:werkzeug: * Debugger is active!
INFO:werkzeug: * Debugger PIN: 105-988-741
INFO:werkzeug:[31m[1mWARNING: This is a development server. Do not use it in a production deployment. Use a production WSGI server instead.[0m
 * Running on all addresses (0.0.0.0)
 * Running on http://127.0.0.1:8000
 * Running on http://172.18.0.15:8000
INFO:werkzeug:[33mPress CTRL+C to quit[0m
INFO:werkzeug: * Restarting with stat
WARNING:werkzeug: * Debugger is active!
INFO:werkzeug: * Debugger PIN: 105-988-741
INFO:werkzeug:172.18.0.2 - - [21/Mar/2023 18:02:12] "GET / HTTP/1.1" 200 -
INFO:root:Html...
INFO:root:titles...
INFO:root:thumbnails...
INFO:root:links...
INFO:root:view counts...
INFO:root:videos age...
INFO:root:titles...
INFO:root:thumbnails...
INFO:root:links...
INFO:root:viewcounts...
INFO:root:age...
INFO:werkzeug:172.18.0.2 - - [21/Mar/2023 18:02:25] "POST /details HTTP/1.1" 200 -
INFO:werkzeug:172.18.0.2 - - [21/Mar/2023 18:02:25] "[36mGET /static/css/style2.css HTTP/1.1[0m" 304 -
INFO:werkzeug: * Detected change in '/config/workspace/Youtube_scrapper/app.py', reloading
INFO:werkzeug: * Restarting with stat
WARNING:werkzeug: * Debugger is active!
INFO:werkzeug: * Debugger PIN: 105-988-741
INFO:werkzeug: * Detected change in '/config/workspace/Youtube_scrapper/app.py', reloading
INFO:werkzeug: * Restarting with stat
WARNING:werkzeug: * Debugger is active!
INFO:werkzeug: * Debugger PIN: 105-988-741
INFO:werkzeug: * Detected change in '/config/workspace/Youtube_scrapper/app.py', reloading
INFO:werkzeug: * Restarting with stat
WARNING:werkzeug: * Debugger is active!
INFO:werkzeug: * Debugger PIN: 105-988-741
INFO:werkzeug: * Detected change in '/config/workspace/Youtube_scrapper/app.py', reloading
INFO:werkzeug: * Restarting with stat
WARNING:werkzeug: * Debugger is active!
INFO:werkzeug: * Debugger PIN: 105-988-741
INFO:werkzeug: * Detected change in '/config/workspace/Youtube_scrapper/app.py', reloading
INFO:werkzeug: * Restarting with stat
WARNING:werkzeug: * Debugger is active!
INFO:werkzeug: * Debugger PIN: 105-988-741
INFO:werkzeug: * Detected change in '/config/workspace/Youtube_scrapper/app.py', reloading
INFO:werkzeug: * Restarting with stat
WARNING:werkzeug: * Debugger is active!
INFO:werkzeug: * Debugger PIN: 105-988-741
INFO:werkzeug: * Detected change in '/config/workspace/Youtube_scrapper/app.py', reloading
INFO:werkzeug: * Restarting with stat
WARNING:werkzeug: * Debugger is active!
INFO:werkzeug: * Debugger PIN: 105-988-741
INFO:werkzeug: * Detected change in '/config/workspace/Youtube_scrapper/app.py', reloading
INFO:werkzeug: * Restarting with stat
WARNING:werkzeug: * Debugger is active!
INFO:werkzeug: * Debugger PIN: 105-988-741
INFO:werkzeug: * Detected change in '/config/workspace/Youtube_scrapper/app.py', reloading
INFO:werkzeug: * Restarting with stat
WARNING:werkzeug: * Debugger is active!
INFO:werkzeug: * Debugger PIN: 105-988-741
INFO:werkzeug:172.18.0.2 - - [21/Mar/2023 18:04:49] "GET / HTTP/1.1" 200 -
INFO:root:Html...
INFO:root:titles...
INFO:root:thumbnails...
INFO:root:links...
INFO:root:view counts...
INFO:root:videos age...
INFO:root:titles...
INFO:root:thumbnails...
INFO:root:links...
INFO:root:viewcounts...
INFO:root:age...
INFO:werkzeug:172.18.0.2 - - [21/Mar/2023 18:04:55] "POST /details HTTP/1.1" 200 -
INFO:werkzeug:172.18.0.2 - - [21/Mar/2023 18:04:56] "[36mGET /static/css/style2.css HTTP/1.1[0m" 304 -
INFO:root:Html...
INFO:root:titles...
INFO:root:thumbnails...
INFO:root:links...
INFO:root:view counts...
INFO:root:videos age...
INFO:root:titles...
INFO:root:thumbnails...
INFO:root:links...
INFO:root:viewcounts...
INFO:root:age...
INFO:werkzeug:172.18.0.2 - - [21/Mar/2023 18:05:12] "POST /details HTTP/1.1" 200 -
INFO:werkzeug:172.18.0.2 - - [21/Mar/2023 18:05:12] "[36mGET /static/css/style2.css HTTP/1.1[0m" 304 -
INFO:werkzeug: * Detected change in '/config/workspace/Youtube_scrapper/app.py', reloading
INFO:werkzeug: * Restarting with stat
WARNING:werkzeug: * Debugger is active!
INFO:werkzeug: * Debugger PIN: 105-988-741
INFO:werkzeug:172.18.0.2 - - [21/Mar/2023 18:06:57] "GET / HTTP/1.1" 200 -
INFO:root:Html...
INFO:root:titles...
INFO:root:thumbnails...
INFO:root:links...
INFO:root:view counts...
INFO:root:videos age...
INFO:root:titles...
INFO:root:thumbnails...
INFO:root:links...
INFO:root:viewcounts...
INFO:root:age...
INFO:werkzeug:172.18.0.2 - - [21/Mar/2023 18:07:04] "POST /details HTTP/1.1" 200 -
INFO:werkzeug:172.18.0.2 - - [21/Mar/2023 18:07:04] "[36mGET /static/css/style2.css HTTP/1.1[0m" 304 -
